<!DOCTYPE html>

<html>
  <head>
  <meta charset='utf-8'>
  <title>TestNG reports</title>

    <link type="text/css" href="testng-reports1.css" rel="stylesheet" id="ultra" />
    <link type="text/css" href="testng-reports.css" rel="stylesheet" id="retro" disabled="false"/>
    <script type="text/javascript" src="jquery-3.6.0.min.js"></script>
    <script type="text/javascript" src="testng-reports.js"></script>
    <script type="text/javascript" src="https://www.google.com/jsapi"></script>
    <script type='text/javascript'>
      google.load('visualization', '1', {packages:['table']});
      google.setOnLoadCallback(drawTable);
      var suiteTableInitFunctions = new Array();
      var suiteTableData = new Array();
    </script>
    <!--
      <script type="text/javascript" src="jquery-ui/js/jquery-ui-1.8.16.custom.min.js"></script>
     -->
  </head>

  <body>    <div class="top-banner-root">
      <span class="top-banner-title-font">Test results</span>
      <button id="button" class="button">Switch Retro Theme</button> <!-- button -->
      <br/>
      <span class="top-banner-font-1">1 suite, 3 failed tests</span>
    </div> <!-- top-banner-root -->
    <div class="navigator-root">
      <div class="navigator-suite-header">
        <span>All suites</span>
        <a href="#" title="Collapse/expand all the suites" class="collapse-all-link">
          <img src="collapseall.gif" class="collapse-all-icon">
          </img> <!-- collapse-all-icon -->
        </a> <!-- collapse-all-link -->
      </div> <!-- navigator-suite-header -->
      <div class="suite">
        <div class="rounded-window">
          <div class="suite-header light-rounded-window-top">
            <a href="#" panel-name="suite-Regression" class="navigator-link">
              <span class="suite-name border-failed">Regression</span>
            </a> <!-- navigator-link -->
          </div> <!-- suite-header light-rounded-window-top -->
          <div class="navigator-suite-content">
            <div class="suite-section-title">
              <span>Info</span>
            </div> <!-- suite-section-title -->
            <div class="suite-section-content">
              <ul>
                <li>
                  <a href="#" panel-name="test-xml-Regression" class="navigator-link ">
                    <span>[unset file name]</span>
                  </a> <!-- navigator-link  -->
                </li>
                <li>
                  <a href="#" panel-name="testlist-Regression" class="navigator-link ">
                    <span class="test-stats">2 tests</span>
                  </a> <!-- navigator-link  -->
                </li>
                <li>
                  <a href="#" panel-name="group-Regression" class="navigator-link ">
                    <span>0 groups</span>
                  </a> <!-- navigator-link  -->
                </li>
                <li>
                  <a href="#" panel-name="times-Regression" class="navigator-link ">
                    <span>Times</span>
                  </a> <!-- navigator-link  -->
                </li>
                <li>
                  <a href="#" panel-name="reporter-Regression" class="navigator-link ">
                    <span>Reporter output</span>
                  </a> <!-- navigator-link  -->
                </li>
                <li>
                  <a href="#" panel-name="ignored-methods-Regression" class="navigator-link ">
                    <span>Ignored methods</span>
                  </a> <!-- navigator-link  -->
                </li>
                <li>
                  <a href="#" panel-name="chronological-Regression" class="navigator-link ">
                    <span>Chronological view</span>
                  </a> <!-- navigator-link  -->
                </li>
              </ul>
            </div> <!-- suite-section-content -->
            <div class="result-section">
              <div class="suite-section-title">
                <span>Results</span>
              </div> <!-- suite-section-title -->
              <div class="suite-section-content">
                <ul>
                  <li>
                    <span class="method-stats">7 methods, 3 failed,  2 skipped,  2 passed</span>
                  </li>
                  <li>
                    <span class="method-list-title failed">Failed methods</span>
                    <span class="show-or-hide-methods failed">
                      <a href="#" panel-name="suite-Regression" class="hide-methods failed suite-Regression"> (hide)</a> <!-- hide-methods failed suite-Regression -->
                      <a href="#" panel-name="suite-Regression" class="show-methods failed suite-Regression"> (show)</a> <!-- show-methods failed suite-Regression -->
                    </span>
                    <div class="method-list-content failed suite-Regression">
                      <span>
                        <img src="failed.png" width="3%"/>
                        <a href="#" panel-name="suite-Regression" title="api_learning.authen.LoginTest" class="method navigator-link" hash-for-method="TestLogin">TestLogin</a> <!-- method navigator-link -->
                      </span>
                      <br/>
                      <span>
                        <img src="failed.png" width="3%"/>
                        <a href="#" panel-name="suite-Regression" title="tests.swipe.SwipeTest" class="method navigator-link" hash-for-method="swipeTest">swipeTest</a> <!-- method navigator-link -->
                      </span>
                      <br/>
                      <span>
                        <img src="failed.png" width="3%"/>
                        <a href="#" panel-name="suite-Regression" title="tests.webview.WebViewtest" class="method navigator-link" hash-for-method="testWebView">testWebView</a> <!-- method navigator-link -->
                      </span>
                      <br/>
                    </div> <!-- method-list-content failed suite-Regression -->
                  </li>
                  <li>
                    <span class="method-list-title skipped">Skipped methods</span>
                    <span class="show-or-hide-methods skipped">
                      <a href="#" panel-name="suite-Regression" class="hide-methods skipped suite-Regression"> (hide)</a> <!-- hide-methods skipped suite-Regression -->
                      <a href="#" panel-name="suite-Regression" class="show-methods skipped suite-Regression"> (show)</a> <!-- show-methods skipped suite-Regression -->
                    </span>
                    <div class="method-list-content skipped suite-Regression">
                      <span>
                        <img src="skipped.png" width="3%"/>
                        <a href="#" panel-name="suite-Regression" title="api_learning.authen.LoginTestWithDataProvider" class="method navigator-link" hash-for-method="TestLogin">TestLogin</a> <!-- method navigator-link -->
                      </span>
                      <br/>
                      <span>
                        <img src="skipped.png" width="3%"/>
                        <a href="#" panel-name="suite-Regression" title="tests.authen.LoginTestWithBaseTest" class="method navigator-link" hash-for-method="TestLogin">TestLogin</a> <!-- method navigator-link -->
                      </span>
                      <br/>
                    </div> <!-- method-list-content skipped suite-Regression -->
                  </li>
                  <li>
                    <span class="method-list-title passed">Passed methods</span>
                    <span class="show-or-hide-methods passed">
                      <a href="#" panel-name="suite-Regression" class="hide-methods passed suite-Regression"> (hide)</a> <!-- hide-methods passed suite-Regression -->
                      <a href="#" panel-name="suite-Regression" class="show-methods passed suite-Regression"> (show)</a> <!-- show-methods passed suite-Regression -->
                    </span>
                    <div class="method-list-content passed suite-Regression">
                      <span>
                        <img src="passed.png" width="3%"/>
                        <a href="#" panel-name="suite-Regression" title="api_learning.testNG.TestNGHooksTest" class="method navigator-link" hash-for-method="testA1">testA1</a> <!-- method navigator-link -->
                      </span>
                      <br/>
                      <span>
                        <img src="passed.png" width="3%"/>
                        <a href="#" panel-name="suite-Regression" title="api_learning.testNG.TestNGHooksTest" class="method navigator-link" hash-for-method="testA2">testA2</a> <!-- method navigator-link -->
                      </span>
                      <br/>
                    </div> <!-- method-list-content passed suite-Regression -->
                  </li>
                </ul>
              </div> <!-- suite-section-content -->
            </div> <!-- result-section -->
          </div> <!-- navigator-suite-content -->
        </div> <!-- rounded-window -->
      </div> <!-- suite -->
    </div> <!-- navigator-root -->
    <div class="wrapper">
      <div class="main-panel-root">
        <div panel-name="suite-Regression" class="panel Regression">
          <div class="suite-Regression-class-failed">
            <div class="main-panel-header rounded-window-top">
              <img src="failed.png"/>
              <span class="class-name">api_learning.authen.LoginTest</span>
            </div> <!-- main-panel-header rounded-window-top -->
            <div class="main-panel-content rounded-window-bottom">
              <div class="method">
                <div class="method-content">
                  <a name="TestLogin">
                  </a> <!-- TestLogin -->
                  <span class="method-name">TestLogin</span>
                  <div class="stack-trace">org.openqa.selenium.WebDriverException: Connection refused (Connection
                    refused)
                    Build info: version: &apos;3.141.59&apos;, revision: &apos;e82be7d358&apos;, time: &apos;2018-11-14T08:25:53&apos;
                    System info: host: &apos;MBP-0196s-MacBook-Pro.local&apos;, ip: &apos;192.168.0.102&apos;, os.name:
                    &apos;Mac OS X&apos;, os.arch: &apos;x86_64&apos;, os.version: &apos;11.5&apos;, java.version:
                    &apos;11.0.12&apos;
                    Driver info: driver.version: IOSDriver
                    at io.appium.java_client.remote.AppiumCommandExecutor.lambda$6(AppiumCommandExecutor.java:262)
                    at java.base/java.util.Optional.orElseGet(Optional.java:369)
                    at io.appium.java_client.remote.AppiumCommandExecutor.execute(AppiumCommandExecutor.java:261)
                    at org.openqa.selenium.remote.RemoteWebDriver.execute(RemoteWebDriver.java:552)
                    at io.appium.java_client.DefaultGenericMobileDriver.execute(DefaultGenericMobileDriver.java:41)
                    at io.appium.java_client.AppiumDriver.execute(AppiumDriver.java:1)
                    at io.appium.java_client.ios.IOSDriver.execute(IOSDriver.java:1)
                    at org.openqa.selenium.remote.RemoteWebDriver.startSession(RemoteWebDriver.java:213)
                    at io.appium.java_client.AppiumDriver.startSession(AppiumDriver.java:363)
                    at org.openqa.selenium.remote.RemoteWebDriver.&lt;init&gt;(RemoteWebDriver.java:131)
                    at io.appium.java_client.DefaultGenericMobileDriver.&lt;init&gt;(DefaultGenericMobileDriver.java:37)
                    at io.appium.java_client.AppiumDriver.&lt;init&gt;(AppiumDriver.java:89)
                    at io.appium.java_client.AppiumDriver.&lt;init&gt;(AppiumDriver.java:99)
                    at io.appium.java_client.ios.IOSDriver.&lt;init&gt;(IOSDriver.java:90)
                    at driver.DriverFactory.getDriver(DriverFactory.java:115)
                    at api_learning.authen.LoginTest.TestLogin(LoginTest.java:18)
                    at java.base/java.util.ArrayList.forEach(ArrayList.java:1541)
                    at java.base/java.util.concurrent.FutureTask.run(FutureTask.java:264)
                    at java.base/java.util.concurrent.ThreadPoolExecutor.runWorker(ThreadPoolExecutor.java:1128)
                    at java.base/java.util.concurrent.ThreadPoolExecutor$Worker.run(ThreadPoolExecutor.java:628)
                    at java.base/java.lang.Thread.run(Thread.java:834)
                    Caused by: java.net.ConnectException: Connection refused (Connection refused)
                    at java.base/java.net.PlainSocketImpl.socketConnect(Native Method)
                    at java.base/java.net.AbstractPlainSocketImpl.doConnect(AbstractPlainSocketImpl.java:399)
                    at java.base/java.net.AbstractPlainSocketImpl.connectToAddress(AbstractPlainSocketImpl.java:242)
                    at java.base/java.net.AbstractPlainSocketImpl.connect(AbstractPlainSocketImpl.java:224)
                    at java.base/java.net.SocksSocketImpl.connect(SocksSocketImpl.java:392)
                    at java.base/java.net.Socket.connect(Socket.java:608)
                    at okhttp3.internal.platform.Platform.connectSocket(Platform.java:129)
                    at okhttp3.internal.connection.RealConnection.connectSocket(RealConnection.java:245)
                    at okhttp3.internal.connection.RealConnection.connect(RealConnection.java:165)
                    at okhttp3.internal.connection.StreamAllocation.findConnection(StreamAllocation.java:257)
                    at okhttp3.internal.connection.StreamAllocation.findHealthyConnection(StreamAllocation.java:135)
                    at okhttp3.internal.connection.StreamAllocation.newStream(StreamAllocation.java:114)
                    at okhttp3.internal.connection.ConnectInterceptor.intercept(ConnectInterceptor.java:42)
                    at okhttp3.internal.http.RealInterceptorChain.proceed(RealInterceptorChain.java:147)
                    at okhttp3.internal.http.RealInterceptorChain.proceed(RealInterceptorChain.java:121)
                    at okhttp3.internal.cache.CacheInterceptor.intercept(CacheInterceptor.java:93)
                    at okhttp3.internal.http.RealInterceptorChain.proceed(RealInterceptorChain.java:147)
                    at okhttp3.internal.http.RealInterceptorChain.proceed(RealInterceptorChain.java:121)
                    at okhttp3.internal.http.BridgeInterceptor.intercept(BridgeInterceptor.java:93)
                    at okhttp3.internal.http.RealInterceptorChain.proceed(RealInterceptorChain.java:147)
                    at okhttp3.internal.http.RetryAndFollowUpInterceptor.intercept(RetryAndFollowUpInterceptor.java:126)
                    at okhttp3.internal.http.RealInterceptorChain.proceed(RealInterceptorChain.java:147)
                    at okhttp3.internal.http.RealInterceptorChain.proceed(RealInterceptorChain.java:121)
                    at okhttp3.RealCall.getResponseWithInterceptorChain(RealCall.java:200)
                    at okhttp3.RealCall.execute(RealCall.java:77)
                    at org.openqa.selenium.remote.internal.OkHttpClient.execute(OkHttpClient.java:103)
                    at io.appium.java_client.remote.AppiumCommandExecutor.lambda$1(AppiumCommandExecutor.java:162)
                    at org.openqa.selenium.remote.ProtocolHandshake.createSession(ProtocolHandshake.java:105)
                    at
                    io.appium.java_client.remote.AppiumCommandExecutor$1.createSession(AppiumCommandExecutor.java:193)
                    at io.appium.java_client.remote.AppiumCommandExecutor.createSession(AppiumCommandExecutor.java:225)
                    at io.appium.java_client.remote.AppiumCommandExecutor.execute(AppiumCommandExecutor.java:250)
                    ... 35 more
                    ... Removed 21 stack frames
                  </div> <!-- stack-trace -->
                </div> <!-- method-content -->
              </div> <!-- method -->
            </div> <!-- main-panel-content rounded-window-bottom -->
          </div> <!-- suite-Regression-class-failed -->
          <div class="suite-Regression-class-failed">
            <div class="main-panel-header rounded-window-top">
              <img src="failed.png"/>
              <span class="class-name">tests.swipe.SwipeTest</span>
            </div> <!-- main-panel-header rounded-window-top -->
            <div class="main-panel-content rounded-window-bottom">
              <div class="method">
                <div class="method-content">
                  <a name="swipeTest">
                  </a> <!-- swipeTest -->
                  <span class="method-name">swipeTest</span>
                  <div class="stack-trace">java.lang.NullPointerException
	at driver.DriverFactory.getDriver(DriverFactory.java:22)
	at tests.BaseTest.getDriver(BaseTest.java:34)
	at tests.swipe.SwipeTest.swipeTest(SwipeTest.java:20)
	at java.base/java.util.ArrayList.forEach(ArrayList.java:1541)
	at java.base/java.util.concurrent.FutureTask.run(FutureTask.java:264)
	at java.base/java.util.concurrent.ThreadPoolExecutor.runWorker(ThreadPoolExecutor.java:1128)
	at java.base/java.util.concurrent.ThreadPoolExecutor$Worker.run(ThreadPoolExecutor.java:628)
	at java.base/java.lang.Thread.run(Thread.java:834)
... Removed 17 stack frames
</div> <!-- stack-trace -->
                </div> <!-- method-content -->
              </div> <!-- method -->
            </div> <!-- main-panel-content rounded-window-bottom -->
          </div> <!-- suite-Regression-class-failed -->
          <div class="suite-Regression-class-failed">
            <div class="main-panel-header rounded-window-top">
              <img src="failed.png"/>
              <span class="class-name">tests.webview.WebViewtest</span>
            </div> <!-- main-panel-header rounded-window-top -->
            <div class="main-panel-content rounded-window-bottom">
              <div class="method">
                <div class="method-content">
                  <a name="testWebView">
                  </a> <!-- testWebView -->
                  <span class="method-name">testWebView</span>
                  <div class="stack-trace">java.lang.NullPointerException: Name is null
	at java.base/java.lang.Enum.valueOf(Enum.java:238)
	at driver.Platform.valueOf(Platform.java:3)
	at tests.BaseTest.getDriver(BaseTest.java:34)
	at tests.webview.WebViewtest.testWebView(WebViewtest.java:25)
	at java.base/java.util.ArrayList.forEach(ArrayList.java:1541)
	at java.base/java.util.concurrent.FutureTask.run(FutureTask.java:264)
	at java.base/java.util.concurrent.ThreadPoolExecutor.runWorker(ThreadPoolExecutor.java:1128)
	at java.base/java.util.concurrent.ThreadPoolExecutor$Worker.run(ThreadPoolExecutor.java:628)
	at java.base/java.lang.Thread.run(Thread.java:834)
... Removed 17 stack frames
</div> <!-- stack-trace -->
                </div> <!-- method-content -->
              </div> <!-- method -->
            </div> <!-- main-panel-content rounded-window-bottom -->
          </div> <!-- suite-Regression-class-failed -->
          <div class="suite-Regression-class-skipped">
            <div class="main-panel-header rounded-window-top">
              <img src="skipped.png"/>
              <span class="class-name">tests.authen.LoginTestWithBaseTest</span>
            </div> <!-- main-panel-header rounded-window-top -->
            <div class="main-panel-content rounded-window-bottom">
              <div class="method">
                <div class="method-content">
                  <a name="TestLogin">
                  </a> <!-- TestLogin -->
                  <span class="method-name">TestLogin</span>
                  <div class="stack-trace">java.lang.RuntimeException: java.lang.RuntimeException: [ERR] Could not locate the found /Volumes/Data/Appium/SDETPRO_K11_MOBILE/main/java/tests/gson/login.json
	at java.base/java.util.ArrayList.forEach(ArrayList.java:1541)
	at java.base/java.util.concurrent.FutureTask.run(FutureTask.java:264)
	at java.base/java.util.concurrent.ThreadPoolExecutor.runWorker(ThreadPoolExecutor.java:1128)
	at java.base/java.util.concurrent.ThreadPoolExecutor$Worker.run(ThreadPoolExecutor.java:628)
	at java.base/java.lang.Thread.run(Thread.java:834)
Caused by: java.lang.RuntimeException: [ERR] Could not locate the found /Volumes/Data/Appium/SDETPRO_K11_MOBILE/main/java/tests/gson/login.json
	at test_data.utils.DataObjectBuilder.buildDataObject(DataObjectBuilder.java:23)
	at tests.authen.LoginTestWithBaseTest.loginCredDataSet(LoginTestWithBaseTest.java:30)
	... 19 more
... Removed 22 stack frames
</div> <!-- stack-trace -->
                </div> <!-- method-content -->
              </div> <!-- method -->
            </div> <!-- main-panel-content rounded-window-bottom -->
          </div> <!-- suite-Regression-class-skipped -->
          <div class="suite-Regression-class-skipped">
            <div class="main-panel-header rounded-window-top">
              <img src="skipped.png"/>
              <span class="class-name">api_learning.authen.LoginTestWithDataProvider</span>
            </div> <!-- main-panel-header rounded-window-top -->
            <div class="main-panel-content rounded-window-bottom">
              <div class="method">
                <div class="method-content">
                  <a name="TestLogin">
                  </a> <!-- TestLogin -->
                  <span class="method-name">TestLogin</span>
                  <div class="stack-trace">java.lang.RuntimeException: java.lang.RuntimeException: [ERR] Could not
                    locate the found /Volumes/Data/Appium/SDETPRO_K11_MOBILE/main/java/tests/gson/login.json
                    at java.base/java.util.ArrayList.forEach(ArrayList.java:1541)
                    at java.base/java.util.concurrent.FutureTask.run(FutureTask.java:264)
                    at java.base/java.util.concurrent.ThreadPoolExecutor.runWorker(ThreadPoolExecutor.java:1128)
                    at java.base/java.util.concurrent.ThreadPoolExecutor$Worker.run(ThreadPoolExecutor.java:628)
                    at java.base/java.lang.Thread.run(Thread.java:834)
                    Caused by: java.lang.RuntimeException: [ERR] Could not locate the found
                    /Volumes/Data/Appium/SDETPRO_K11_MOBILE/main/java/tests/gson/login.json
                    at test_data.utils.DataObjectBuilder.buildDataObject(DataObjectBuilder.java:23)
                    at api_learning.authen.LoginTestWithDataProvider.loginCredDataSet(LoginTestWithDataProvider.java:36)
                    ... 19 more
                    ... Removed 22 stack frames
                  </div> <!-- stack-trace -->
                </div> <!-- method-content -->
              </div> <!-- method -->
            </div> <!-- main-panel-content rounded-window-bottom -->
          </div> <!-- suite-Regression-class-skipped -->
          <div class="suite-Regression-class-passed">
            <div class="main-panel-header rounded-window-top">
              <img src="passed.png"/>
              <span class="class-name">api_learning.testNG.TestNGHooksTest</span>
            </div> <!-- main-panel-header rounded-window-top -->
            <div class="main-panel-content rounded-window-bottom">
              <div class="method">
                <div class="method-content">
                  <a name="testA1">
                  </a> <!-- testA1 -->
                  <span class="method-name">testA1</span>
                </div> <!-- method-content -->
              </div> <!-- method -->
              <div class="method">
                <div class="method-content">
                  <a name="testA2">
                  </a> <!-- testA2 -->
                  <span class="method-name">testA2</span>
                </div> <!-- method-content -->
              </div> <!-- method -->
            </div> <!-- main-panel-content rounded-window-bottom -->
          </div> <!-- suite-Regression-class-passed -->
        </div> <!-- panel Regression -->
        <div panel-name="test-xml-Regression" class="panel">
          <div class="main-panel-header rounded-window-top">
          </div> <!-- main-panel-header rounded-window-top -->
          <div class="main-panel-content rounded-window-bottom">
            <pre>
&lt;?xml version=&quot;1.0&quot; encoding=&quot;UTF-8&quot;?&gt;
&lt;!DOCTYPE suite SYSTEM &quot;https://testng.org/testng-1.0.dtd&quot;&gt;
&lt;suite thread-count=&quot;10&quot; parallel=&quot;tests&quot; name=&quot;Regression&quot;&gt;
  &lt;test thread-count=&quot;10&quot; parallel=&quot;tests&quot; name=&quot;PNXGAM88C1002502&quot;&gt;
    &lt;parameter name=&quot;platformVersion&quot; value=&quot;15.0&quot;/&gt;
    &lt;parameter name=&quot;udid&quot; value=&quot;PNXGAM88C1002502&quot;/&gt;
    &lt;parameter name=&quot;platformName&quot; value=&quot;android&quot;/&gt;
    &lt;parameter name=&quot;systemPort&quot; value=&quot;8905&quot;/&gt;
    &lt;classes&gt;
      &lt;class name=&quot;api_learning.gson.TestGson&quot;/&gt;
      &lt;class name=&quot;tests.swipe.SwipeTest&quot;/&gt;
      &lt;class name=&quot;api_learning.testNG.TestNGHooksTest&quot;/&gt;
      &lt;class name=&quot;tests.webview.WebViewtest&quot;/&gt;
    &lt;/classes&gt;
  &lt;/test&gt; &lt;!-- PNXGAM88C1002502 --&gt;
  &lt;test thread-count=&quot;10&quot; parallel=&quot;tests&quot; name=&quot;MJSKLVNJAUDEPRV8&quot;&gt;
    &lt;parameter name=&quot;platformVersion&quot; value=&quot;15.0&quot;/&gt;
    &lt;parameter name=&quot;udid&quot; value=&quot;MJSKLVNJAUDEPRV8&quot;/&gt;
    &lt;parameter name=&quot;platformName&quot; value=&quot;android&quot;/&gt;
    &lt;parameter name=&quot;systemPort&quot; value=&quot;9160&quot;/&gt;
    &lt;classes&gt;
      &lt;class name=&quot;tests.authen.LoginTest&quot;/&gt;
      &lt;class name=&quot;tests.authen.LoginTestWithBaseTest&quot;/&gt;
      &lt;class name=&quot;tests.authen.LoginTestWithDataProvider&quot;/&gt;
    &lt;/classes&gt;
  &lt;/test&gt; &lt;!-- MJSKLVNJAUDEPRV8 --&gt;
&lt;/suite&gt; &lt;!-- Regression --&gt;
            </pre>
          </div> <!-- main-panel-content rounded-window-bottom -->
        </div> <!-- panel -->
        <div panel-name="testlist-Regression" class="panel">
          <div class="main-panel-header rounded-window-top">
            <span class="header-content">Tests for Regression</span>
          </div> <!-- main-panel-header rounded-window-top -->
          <div class="main-panel-content rounded-window-bottom">
            <ul>
              <li>
                <span class="test-name">PNXGAM88C1002502 (4 classes)</span>
              </li>
              <li>
                <span class="test-name">MJSKLVNJAUDEPRV8 (3 classes)</span>
              </li>
            </ul>
          </div> <!-- main-panel-content rounded-window-bottom -->
        </div> <!-- panel -->
        <div panel-name="group-Regression" class="panel">
          <div class="main-panel-header rounded-window-top">
            <span class="header-content">Groups for Regression</span>
          </div> <!-- main-panel-header rounded-window-top -->
          <div class="main-panel-content rounded-window-bottom">
          </div> <!-- main-panel-content rounded-window-bottom -->
        </div> <!-- panel -->
        <div panel-name="times-Regression" class="panel">
          <div class="main-panel-header rounded-window-top">
            <span class="header-content">Times for Regression</span>
          </div> <!-- main-panel-header rounded-window-top -->
          <div class="main-panel-content rounded-window-bottom">
            <div class="times-div">
              <script type="text/javascript">
                suiteTableInitFunctions.push('tableData_Regression');
                function tableData_Regression() {
                var data = new google.visualization.DataTable();
                data.addColumn('number', 'Number');
                data.addColumn('string', 'Method');
                data.addColumn('string', 'Class');
                data.addColumn('number', 'Time (ms)');
                data.addRows(7);
                data.setCell(0, 0, 0)
                data.setCell(0, 1, 'TestLogin')
                data.setCell(0, 2, 'tests.authen.LoginTest')
                data.setCell(0, 3, 809);
                data.setCell(1, 0, 1)
                data.setCell(1, 1, 'testA2')
                data.setCell(1, 2, 'api_learning.testNG.TestNGHooksTest')
                data.setCell(1, 3, 210);
                data.setCell(2, 0, 2)
                data.setCell(2, 1, 'testA1')
                data.setCell(2, 2, 'api_learning.testNG.TestNGHooksTest')
                data.setCell(2, 3, 2);
                data.setCell(3, 0, 3)
                data.setCell(3, 1, 'swipeTest')
                data.setCell(3, 2, 'tests.swipe.SwipeTest')
                data.setCell(3, 3, 2);
                data.setCell(4, 0, 4)
                data.setCell(4, 1, 'testWebView')
                data.setCell(4, 2, 'tests.webview.WebViewtest')
                data.setCell(4, 3, 2);
                data.setCell(5, 0, 5)
                data.setCell(5, 1, 'TestLogin')
                data.setCell(5, 2, 'tests.authen.LoginTestWithDataProvider')
                data.setCell(5, 3, 0);
                data.setCell(6, 0, 6)
                data.setCell(6, 1, 'TestLogin')
                data.setCell(6, 2, 'tests.authen.LoginTestWithBaseTest')
                data.setCell(6, 3, 0);
                window.suiteTableData['Regression']= { tableData: data, tableDiv: 'times-div-Regression'}
                return data;
                }
              </script>
              <span class="suite-total-time">Total running time: 948 ms</span>
              <div id="times-div-Regression">
              </div> <!-- times-div-Regression -->
            </div> <!-- times-div -->
          </div> <!-- main-panel-content rounded-window-bottom -->
        </div> <!-- panel -->
        <div panel-name="reporter-Regression" class="panel">
          <div class="main-panel-header rounded-window-top">
            <span class="header-content">Reporter output for Regression</span>
          </div> <!-- main-panel-header rounded-window-top -->
          <div class="main-panel-content rounded-window-bottom">
          </div> <!-- main-panel-content rounded-window-bottom -->
        </div> <!-- panel -->
        <div panel-name="ignored-methods-Regression" class="panel">
          <div class="main-panel-header rounded-window-top">
            <span class="header-content">2 ignored methods</span>
          </div> <!-- main-panel-header rounded-window-top -->
          <div class="main-panel-content rounded-window-bottom">
            <div class="ignored-class-div">
              <span class="ignored-class-name">tests.webview.WebViewtest</span>
              <div class="ignored-methods-div">
                <span class="ignored-method-name">initAppiumSession</span>
                <br/>
                <span class="ignored-method-name">quitAppiumSession</span>
                <br/>
              </div> <!-- ignored-methods-div -->
            </div> <!-- ignored-class-div -->
          </div> <!-- main-panel-content rounded-window-bottom -->
        </div> <!-- panel -->
        <div panel-name="chronological-Regression" class="panel">
          <div class="main-panel-header rounded-window-top">
            <span class="header-content">Methods in chronological order</span>
          </div> <!-- main-panel-header rounded-window-top -->
          <div class="main-panel-content rounded-window-bottom">
            <div class="chronological-class">
              <div class="chronological-class-name">tests.swipe.SwipeTest</div> <!-- chronological-class-name -->
              <div class="configuration-test before">
                <span class="method-name">initAppiumSession(PNXGAM88C1002502, 8905, android, 15.0)</span>
                <span class="method-start">0 ms</span>
              </div> <!-- configuration-test before -->
            </div> <!-- chronological-class -->
            <div class="chronological-class">
              <div class="chronological-class-name">tests.authen.LoginTestWithBaseTest</div> <!-- chronological-class-name -->
              <div class="configuration-test before">
                <span class="method-name">initAppiumSession(MJSKLVNJAUDEPRV8, 9160, android, 15.0)</span>
                <span class="method-start">0 ms</span>
              </div> <!-- configuration-test before -->
            </div> <!-- chronological-class -->
            <div class="chronological-class">
              <div class="chronological-class-name">api_learning.testNG.TestNGHooksTest</div> <!-- chronological-class-name -->
              <div class="test-method">
                <span class="method-name">testA2</span>
                <span class="method-start">84 ms</span>
              </div> <!-- test-method -->
            </div> <!-- chronological-class -->
            <div class="chronological-class">
              <div class="chronological-class-name">api_learning.authen.LoginTest</div> <!-- chronological-class-name -->
              <div class="test-method">
                <img src="failed.png">
                </img>
                <span class="method-name">TestLogin</span>
                <span class="method-start">84 ms</span>
              </div> <!-- test-method -->
            </div> <!-- chronological-class -->
            <div class="chronological-class">
              <div class="chronological-class-name">api_learning.testNG.TestNGHooksTest</div> <!-- chronological-class-name -->
              <div class="test-method">
                <span class="method-name">testA1</span>
                <span class="method-start">397 ms</span>
              </div> <!-- test-method -->
            </div> <!-- chronological-class -->
            <div class="chronological-class">
              <div class="chronological-class-name">tests.webview.WebViewtest</div> <!-- chronological-class-name -->
              <div class="test-method">
                <img src="failed.png">
                </img>
                <span class="method-name">testWebView</span>
                <span class="method-start">405 ms</span>
              </div> <!-- test-method -->
              <div class="configuration-method after">
                <img src="failed.png">
                </img>
                <span class="method-name">captureScreenshot([TestResult name=testWebView status=FAILURE method=WebViewtest.testWebView()[pri:0, instance:tests.w...)</span>
                <span class="method-start">415 ms</span>
              </div> <!-- configuration-method after -->
            </div> <!-- chronological-class -->
            <div class="chronological-class">
              <div class="chronological-class-name">tests.swipe.SwipeTest</div> <!-- chronological-class-name -->
              <div class="test-method">
                <img src="failed.png">
                </img>
                <span class="method-name">swipeTest</span>
                <span class="method-start">451 ms</span>
              </div> <!-- test-method -->
              <div class="configuration-method after">
                <img src="failed.png">
                </img>
                <span class="method-name">captureScreenshot([TestResult name=swipeTest status=FAILURE method=SwipeTest.swipeTest()[pri:0, instance:tests.swipe.S...)</span>
                <span class="method-start">455 ms</span>
              </div> <!-- configuration-method after -->
              <div class="configuration-test after">
                <span class="method-name">quitAppiumSession</span>
                <span class="method-start">462 ms</span>
              </div> <!-- configuration-test after -->
            </div> <!-- chronological-class -->
            <div class="chronological-class">
              <div class="chronological-class-name">tests.authen.LoginTestWithBaseTest</div> <!-- chronological-class-name -->
              <div class="configuration-test after">
                <span class="method-name">quitAppiumSession</span>
                <span class="method-start">910 ms</span>
              </div> <!-- configuration-test after -->
          </div> <!-- main-panel-content rounded-window-bottom -->
        </div> <!-- panel -->
      </div> <!-- main-panel-root -->
    </div> <!-- wrapper -->
  </body>
<script type="text/javascript" src="testng-reports2.js"></script>
</html>
